<?xml version="1.0" encoding="UTF-8"?>
<testng-results ignored="0" total="1" passed="1" failed="0" skipped="0">
  <reporter-output>
  </reporter-output>
  <suite started-at="2018-12-29T16:01:20Z" name="Default suite" finished-at="2018-12-29T16:01:27Z" duration-ms="7471">
    <groups>
    </groups>
    <test started-at="2018-12-29T16:01:20Z" name="Default test" finished-at="2018-12-29T16:01:27Z" duration-ms="7471">
      <class name="com.MavenTestNG.BaseClass">
        <test-method signature="setUp()[pri:0, instance:com.MavenTestNG.BaseClass@52af26ee]" started-at="2018-12-29T16:01:20Z" name="setUp" finished-at="2018-12-29T16:01:27Z" duration-ms="7436" status="PASS">
          <reporter-output>
          </reporter-output>
        </test-method> <!-- setUp -->
      </class> <!-- com.MavenTestNG.BaseClass -->
    </test> <!-- Default test -->
  </suite> <!-- Default suite -->
</testng-results>
